<?xml version="1.0" encoding="UTF-8"?>
<!-- Generated by org.testng.reporters.JUnitReportReporter -->
<testsuite ignored="0" hostname="Rai" failures="0" tests="1" name="Org.testing.testscript.TC9_Get_a_Record" time="1.120" errors="0" timestamp="17 Mar 2022 17:59:44 GMT" skipped="0">
  <testcase classname="Org.testing.testscript.TC9_Get_a_Record" name="Testcase9" time="1.120"/>
</testsuite> <!-- Org.testing.testscript.TC9_Get_a_Record -->
