<?xml version="1.0" encoding="UTF-8"?>
<!-- Generated by org.testng.reporters.JUnitReportReporter -->
<testsuite ignored="0" hostname="Rai" failures="0" tests="1" name="Org.testing.testscript.TC8_GetAllid" time="3.854" errors="0" timestamp="20 Mar 2022 17:04:34 GMT" skipped="0">
  <testcase classname="Org.testing.testscript.TC8_GetAllid" name="Testcase8" time="3.854"/>
</testsuite> <!-- Org.testing.testscript.TC8_GetAllid -->
