<?xml version="1.0" encoding="UTF-8"?>
<!-- Generated by org.testng.reporters.JUnitReportReporter -->
<testsuite ignored="0" hostname="Rai" failures="0" tests="1" name="Org.testing.testscript.TC2_GetRequest" time="0.124" errors="0" timestamp="17 Mar 2022 17:59:44 GMT" skipped="0">
  <testcase classname="Org.testing.testscript.TC2_GetRequest" name="Testcase2" time="0.124"/>
</testsuite> <!-- Org.testing.testscript.TC2_GetRequest -->
