<?xml version="1.0" encoding="UTF-8"?>
<!-- Generated by org.testng.reporters.JUnitReportReporter -->
<testsuite ignored="0" hostname="Rai" failures="0" tests="1" name="Org.testing.testscript.TC1_PostRequest" time="2.185" errors="0" timestamp="17 Mar 2022 17:59:44 GMT" skipped="0">
  <testcase classname="Org.testing.testscript.TC1_PostRequest" name="Testcase1" time="2.185"/>
</testsuite> <!-- Org.testing.testscript.TC1_PostRequest -->
